#
# There is insufficient memory for the Java Runtime Environment to continue.
# Native memory allocation (mmap) failed to map 67108864 bytes for G1 virtual space
# Possible reasons:
#   The system is out of physical RAM or swap space
#   The process is running with CompressedOops enabled, and the Java Heap may be blocking the growth of the native heap
# Possible solutions:
#   Reduce memory load on the system
#   Increase physical memory or swap space
#   Check if swap backing store is full
#   Decrease Java heap size (-Xmx/-Xms)
#   Decrease number of Java threads
#   Decrease Java thread stack sizes (-Xss)
#   Set larger code cache with -XX:ReservedCodeCacheSize=
#   JVM is running with Unscaled Compressed Oops mode in which the Java heap is
#     placed in the first 4GB address space. The Java Heap base address is the
#     maximum limit for the native heap growth. Please use -XX:HeapBaseMinAddress
#     to set the Java Heap base and to place the Java Heap above 4GB virtual address.
# This output file may be truncated or incomplete.
#
#  Out of Memory Error (os_windows.cpp:3613), pid=18192, tid=5012
#
# JRE version:  (17.0.10+7) (build )
# Java VM: OpenJDK 64-Bit Server VM (17.0.10+7-adhoc..jdk17u, mixed mode, sharing, tiered, compressed oops, compressed class ptrs, g1 gc, windows-amd64)
# No core dump will be written. Minidumps are not enabled by default on client versions of Windows
#

---------------  S U M M A R Y ------------

Command Line: -Xmx64m -Xms64m -Dorg.gradle.appname=gradlew org.gradle.wrapper.GradleWrapperMain app:installDebug -PreactNativeDevServerPort=8081

Host: Intel(R) Core(TM) i5-7300U CPU @ 2.60GHz, 4 cores, 7G,  Windows 10 , 64 bit Build 19041 (10.0.19041.3636)
Time: Thu May  2 19:11:14 2024 Pakistan Standard Time elapsed time: 0.031123 seconds (0d 0h 0m 0s)

---------------  T H R E A D  ---------------

Current thread (0x000002044c72cfa0):  JavaThread "Unknown thread" [_thread_in_vm, id=5012, stack(0x0000001e28d00000,0x0000001e28e00000)]

Stack: [0x0000001e28d00000,0x0000001e28e00000]
Native frames: (J=compiled Java code, j=interpreted, Vv=VM code, C=native code)
V  [jvm.dll+0x67d6e9]
V  [jvm.dll+0x834dca]
V  [jvm.dll+0x83688e]
V  [jvm.dll+0x836ef3]
V  [jvm.dll+0x247bdf]
V  [jvm.dll+0x67a529]
V  [jvm.dll+0x66ef9a]
V  [jvm.dll+0x307a6b]
V  [jvm.dll+0x30ef16]
V  [jvm.dll+0x35ec3e]
V  [jvm.dll+0x35ee6f]
V  [jvm.dll+0x2de668]
V  [jvm.dll+0x2df5d4]
V  [jvm.dll+0x806661]
V  [jvm.dll+0x36caf1]
V  [jvm.dll+0x7e50f6]
V  [jvm.dll+0x3f033f]
V  [jvm.dll+0x3f1f71]
C  [jli.dll+0x528f]
C  [ucrtbase.dll+0x21bb2]
C  [KERNEL32.DLL+0x17344]
C  [ntdll.dll+0x526b1]


---------------  P R O C E S S  ---------------

Threads class SMR info:
_java_thread_list=0x00007ff957afee98, length=0, elements={
}

Java Threads: ( => current thread )

Other Threads:
  0x000002044e8ef5c0 GCTaskThread "GC Thread#0" [stack: 0x0000001e28e00000,0x0000001e28f00000] [id=8632]
  0x000002044e8f0c20 ConcurrentGCThread "G1 Main Marker" [stack: 0x0000001e28f00000,0x0000001e29000000] [id=13828]
  0x000002044e8f1550 ConcurrentGCThread "G1 Conc#0" [stack: 0x0000001e29000000,0x0000001e29100000] [id=5432]

[error occurred during error reporting (printing all threads), id 0xc0000005, EXCEPTION_ACCESS_VIOLATION (0xc0000005) at pc=0x00007ff9572bf0a7]

VM state: not at safepoint (not fully initialized)

VM Mutex/Monitor currently owned by a thread:  ([mutex/lock_event])
[0x000002044e8d0730] Heap_lock - owner thread: 0x000002044c72cfa0

Heap address: 0x00000000fc000000, size: 64 MB, Compressed Oops mode: 32-bit

CDS archive(s) mapped at: [0x0000000000000000-0x0000000000000000-0x0000000000000000), size 0, SharedBaseAddress: 0x0000000800000000, ArchiveRelocationMode: 1.
Narrow klass base: 0x0000000000000000, Narrow klass shift: 0, Narrow klass range: 0x0

GC Precious Log:
<Empty>

Heap:
 garbage-first heap   total 0K, used 0K [0x00000000fc000000, 0x0000000100000000)
  region size 1024K, 0 young (0K), 0 survivors (0K)

[error occurred during error reporting (printing heap information), id 0xc0000005, EXCEPTION_ACCESS_VIOLATION (0xc0000005) at pc=0x00007ff9576a7359]

GC Heap History (0 events):
No events

Dll operation events (1 events):
Event: 0.011 Loaded shared library C:\Program Files\OpenLogic\jdk-17.0.10.7-hotspot\bin\java.dll

Deoptimization events (0 events):
No events

Classes unloaded (0 events):
No events

Classes redefined (0 events):
No events

Internal exceptions (0 events):
No events

VM Operations (0 events):
No events

Events (0 events):
No events


Dynamic libraries:
0x00007ff6562d0000 - 0x00007ff6562de000 	C:\Program Files\OpenLogic\jdk-17.0.10.7-hotspot\bin\java.exe
0x00007ff9c91d0000 - 0x00007ff9c93c8000 	C:\Windows\SYSTEM32\ntdll.dll
0x00007ff9c90d0000 - 0x00007ff9c918d000 	C:\Windows\System32\KERNEL32.DLL
0x00007ff9c6880000 - 0x00007ff9c6b76000 	C:\Windows\System32\KERNELBASE.dll
0x00007ff9c7050000 - 0x00007ff9c7150000 	C:\Windows\System32\ucrtbase.dll
0x00007ff9bc240000 - 0x00007ff9bc25b000 	C:\Program Files\OpenLogic\jdk-17.0.10.7-hotspot\bin\VCRUNTIME140.dll
0x00007ff9bbf50000 - 0x00007ff9bbf67000 	C:\Program Files\OpenLogic\jdk-17.0.10.7-hotspot\bin\jli.dll
0x00007ff9c7970000 - 0x00007ff9c7b0f000 	C:\Windows\System32\USER32.dll
0x00007ff9c6b80000 - 0x00007ff9c6ba2000 	C:\Windows\System32\win32u.dll
0x00007ff9c90a0000 - 0x00007ff9c90cb000 	C:\Windows\System32\GDI32.dll
0x00007ff9c6c70000 - 0x00007ff9c6d87000 	C:\Windows\System32\gdi32full.dll
0x00007ff9c6fb0000 - 0x00007ff9c704d000 	C:\Windows\System32\msvcp_win.dll
0x00007ff9ae890000 - 0x00007ff9aeb2a000 	C:\Windows\WinSxS\amd64_microsoft.windows.common-controls_6595b64144ccf1df_6.0.19041.3636_none_60b6a03d71f818d5\COMCTL32.dll
0x00007ff9c7210000 - 0x00007ff9c72ae000 	C:\Windows\System32\msvcrt.dll
0x00007ff9c8340000 - 0x00007ff9c8372000 	C:\Windows\System32\IMM32.DLL
0x00007ff9c2f20000 - 0x00007ff9c2f2c000 	C:\Program Files\OpenLogic\jdk-17.0.10.7-hotspot\bin\vcruntime140_1.dll
0x00007ff9a23d0000 - 0x00007ff9a245d000 	C:\Program Files\OpenLogic\jdk-17.0.10.7-hotspot\bin\msvcp140.dll
0x00007ff956fd0000 - 0x00007ff957c32000 	C:\Program Files\OpenLogic\jdk-17.0.10.7-hotspot\bin\server\jvm.dll
0x00007ff9c7d70000 - 0x00007ff9c7e20000 	C:\Windows\System32\ADVAPI32.dll
0x00007ff9c7bf0000 - 0x00007ff9c7c90000 	C:\Windows\System32\sechost.dll
0x00007ff9c7e80000 - 0x00007ff9c7fa3000 	C:\Windows\System32\RPCRT4.dll
0x00007ff9c6d90000 - 0x00007ff9c6db7000 	C:\Windows\System32\bcrypt.dll
0x00007ff9c66e0000 - 0x00007ff9c672b000 	C:\Windows\SYSTEM32\POWRPROF.dll
0x00007ff9ab560000 - 0x00007ff9ab587000 	C:\Windows\SYSTEM32\WINMM.dll
0x00007ff9bb900000 - 0x00007ff9bb90a000 	C:\Windows\SYSTEM32\VERSION.dll
0x00007ff9c2020000 - 0x00007ff9c2029000 	C:\Windows\SYSTEM32\WSOCK32.dll
0x00007ff9c8250000 - 0x00007ff9c82bb000 	C:\Windows\System32\WS2_32.dll
0x00007ff9c66c0000 - 0x00007ff9c66d2000 	C:\Windows\SYSTEM32\UMPDC.dll
0x00007ff9c5060000 - 0x00007ff9c5072000 	C:\Windows\SYSTEM32\kernel.appcore.dll
0x00007ff9c1e90000 - 0x00007ff9c1e9a000 	C:\Program Files\OpenLogic\jdk-17.0.10.7-hotspot\bin\jimage.dll
0x00007ff9c45b0000 - 0x00007ff9c4794000 	C:\Windows\SYSTEM32\DBGHELP.DLL
0x00007ff9a2d40000 - 0x00007ff9a2d74000 	C:\Windows\SYSTEM32\dbgcore.DLL
0x00007ff9c6dc0000 - 0x00007ff9c6e42000 	C:\Windows\System32\bcryptPrimitives.dll
0x00007ff9a7080000 - 0x00007ff9a70a5000 	C:\Program Files\OpenLogic\jdk-17.0.10.7-hotspot\bin\java.dll

dbghelp: loaded successfully - version: 4.0.5 - missing functions: none
symbol engine: initialized successfully - sym options: 0x614 - pdb path: .;C:\Program Files\OpenLogic\jdk-17.0.10.7-hotspot\bin;C:\Windows\SYSTEM32;C:\Windows\WinSxS\amd64_microsoft.windows.common-controls_6595b64144ccf1df_6.0.19041.3636_none_60b6a03d71f818d5;C:\Program Files\OpenLogic\jdk-17.0.10.7-hotspot\bin\server

VM Arguments:
jvm_args: -Xmx64m -Xms64m -Dorg.gradle.appname=gradlew 
java_command: org.gradle.wrapper.GradleWrapperMain app:installDebug -PreactNativeDevServerPort=8081
java_class_path (initial): D:\React native\expenseApp\android\\gradle\wrapper\gradle-wrapper.jar
Launcher Type: SUN_STANDARD

[Global flags]
     intx CICompilerCount                          = 3                                         {product} {ergonomic}
     uint ConcGCThreads                            = 1                                         {product} {ergonomic}
     uint G1ConcRefinementThreads                  = 4                                         {product} {ergonomic}
   size_t G1HeapRegionSize                         = 1048576                                   {product} {ergonomic}
    uintx GCDrainStackTargetSize                   = 64                                        {product} {ergonomic}
   size_t InitialHeapSize                          = 67108864                                  {product} {command line}
   size_t MarkStackSize                            = 4194304                                   {product} {ergonomic}
   size_t MaxHeapSize                              = 67108864                                  {product} {command line}
   size_t MinHeapDeltaBytes                        = 1048576                                   {product} {ergonomic}
   size_t MinHeapSize                              = 67108864                                  {product} {command line}
    uintx NonNMethodCodeHeapSize                   = 5832780                                {pd product} {ergonomic}
    uintx NonProfiledCodeHeapSize                  = 122912730                              {pd product} {ergonomic}
    uintx ProfiledCodeHeapSize                     = 122912730                              {pd product} {ergonomic}
    uintx ReservedCodeCacheSize                    = 251658240                              {pd product} {ergonomic}
     bool SegmentedCodeCache                       = true                                      {product} {ergonomic}
   size_t SoftMaxHeapSize                          = 67108864                               {manageable} {ergonomic}
     bool UseCompressedClassPointers               = true                           {product lp64_product} {ergonomic}
     bool UseCompressedOops                        = true                           {product lp64_product} {ergonomic}
     bool UseG1GC                                  = true                                      {product} {ergonomic}
     bool UseLargePagesIndividualAllocation        = false                                  {pd product} {ergonomic}

Logging:
Log output configuration:
 #0: stdout all=warning uptime,level,tags
 #1: stderr all=off uptime,level,tags

Environment Variables:
JAVA_HOME=C:\Program Files\OpenLogic\jdk-17.0.10.7-hotspot\
CLASSPATH=D:\React native\expenseApp\android\\gradle\wrapper\gradle-wrapper.jar
PATH=D:\React native\expenseApp\node_modules\.bin;D:\React native\expenseApp\node_modules\.bin;D:\React native\node_modules\.bin;D:\node_modules\.bin;Z:\node setup\node_modules\npm\node_modules\@npmcli\run-script\lib\node-gyp-bin;D:\React native\expenseApp\node_modules\.bin;D:\React native\node_modules\.bin;D:\node_modules\.bin;Z:\node setup\node_modules\npm\node_modules\@npmcli\run-script\lib\node-gyp-bin;C:\Program Files\OpenLogic\jdk-17.0.10.7-hotspot\bin;C:\Windows\system32;C:\Windows;C:\Windows\System32\Wbem;C:\Windows\System32\WindowsPowerShell\v1.0\;C:\Windows\System32\OpenSSH\;C:\Program Files (x86)\Microsoft SQL Server\100\Tools\Binn\;C:\Program Files\Microsoft SQL Server\100\Tools\Binn\;C:\Program Files\Microsoft SQL Server\100\DTS\Binn\;Z:\;Z:\node setup\;Z:\node setup;D:\Git\cmd;C:\xampp\php;C:\ProgramData\ComposerSetup\bin;C:\Users\Mega Providers\AppData\Local\Android\Sdk\platform-tools;C:\Users\Mega Providers\AppData\Local\Microsoft\WindowsApps;D:\Microsoft VS Code\bin;C:\Users\Mega Providers\AppData\Roaming\npm;Z:\node setup;C:\Users\Mega Providers\AppData\Roaming\Composer\vendor\bin;C:\Users\Mega Providers\AppData\Local\Android\Sdk\emulator;C:\Users\Mega Providers\AppData\Local\Android\Sdk\tools;C:\Users\Mega Providers\AppData\Local\Android\Sdk\tools\bin;
USERNAME=Mega Providers
LANG=en_US.UTF-8
OS=Windows_NT
PROCESSOR_IDENTIFIER=Intel64 Family 6 Model 142 Stepping 9, GenuineIntel
TMP=C:\Users\MEGAPR~1\AppData\Local\Temp
TEMP=C:\Users\MEGAPR~1\AppData\Local\Temp



Periodic native trim disabled


---------------  S Y S T E M  ---------------

OS:
 Windows 10 , 64 bit Build 19041 (10.0.19041.3636)
OS uptime: 4 days 1:05 hours
Hyper-V role detected

CPU: total 4 (initial active 4) (2 cores per cpu, 2 threads per core) family 6 model 142 stepping 9 microcode 0xf0, cx8, cmov, fxsr, ht, mmx, 3dnowpref, sse, sse2, sse3, ssse3, sse4.1, sse4.2, popcnt, lzcnt, tsc, tscinvbit, avx, avx2, aes, erms, clmul, bmi1, bmi2, rtm, adx, fma, vzeroupper, clflush, clflushopt, hv
Processor Information for processor 0
  Max Mhz: 2712, Current Mhz: 2611, Mhz Limit: 2603
Processor Information for processor 1
  Max Mhz: 2712, Current Mhz: 1406, Mhz Limit: 2603
Processor Information for processor 2
  Max Mhz: 2712, Current Mhz: 2611, Mhz Limit: 2603
Processor Information for processor 3
  Max Mhz: 2712, Current Mhz: 2611, Mhz Limit: 2603

Memory: 4k page, system-wide physical 8070M (643M free)
TotalPageFile size 20570M (AvailPageFile size 38M)
current process WorkingSet (physical memory assigned to process): 10M, peak: 10M
current process commit charge ("private bytes"): 51M, peak: 115M

vm_info: OpenJDK 64-Bit Server VM (17.0.10+7-adhoc..jdk17u) for windows-amd64 JRE (17.0.10+7-adhoc..jdk17u), built on Jan 24 2024 08:51:31 by "" with MS VC++ 16.10 / 16.11 (VS2019)

END.
